[02/23/2022 05:50:49 PM][ INFO    ] Loading Graph Engine Extensions.
[02/23/2022 05:50:49 PM][ INFO    ] Scanning for TSL storage extension.
[02/23/2022 05:50:49 PM][ INFO    ] TSL storage extension loaded.
[02/23/2022 05:50:49 PM][ INFO    ] Scanning for MemoryCloud extensions.
[02/23/2022 05:50:49 PM][ INFO    ] No MemoryCloud extension found.
[02/23/2022 05:50:49 PM][ INFO    ] Scanning for startup tasks.
[02/23/2022 05:50:49 PM][ INFO    ] EventLoop: Starting.
[02/23/2022 05:50:49 PM][ INFO    ] LocalMemoryStorage is initialized in read-write mode
[02/23/2022 05:50:49 PM][ INFO    ] Initializing logging facility
[02/23/2022 05:50:49 PM][ INFO    ] Creating write-ahead log file C:\TDW\repos\N4K-NickelForAKiss\src\BTTN4KNFEv2\bin\Debug\netcoreapp3.1\storage\B\write_ahead_log\primary_storage_log_18.dat
[02/23/2022 05:50:49 PM][ INFO    ] Resetting storage.
[02/23/2022 05:50:50 PM][ INFO    ] Reset storage complete, image version = 19
[02/23/2022 05:50:50 PM][ INFO    ] Dropping write-ahead-log file C:\TDW\repos\N4K-NickelForAKiss\src\BTTN4KNFEv2\bin\Debug\netcoreapp3.1\storage\B\write_ahead_log\primary_storage_log_18.dat
[02/23/2022 05:50:50 PM][ INFO    ] Initializing logging facility
[02/23/2022 05:50:50 PM][ INFO    ] Creating write-ahead log file C:\TDW\repos\N4K-NickelForAKiss\src\BTTN4KNFEv2\bin\Debug\netcoreapp3.1\storage\B\write_ahead_log\primary_storage_log_19.dat
[02/23/2022 05:50:50 PM][ INFO    ] Saving storage to [SLOT A]
[02/23/2022 05:50:51 PM][ INFO    ] Save storage complete, image version = 20.
[02/23/2022 05:50:51 PM][ INFO    ] Creating write-ahead log file C:\TDW\repos\N4K-NickelForAKiss\src\BTTN4KNFEv2\bin\Debug\netcoreapp3.1\storage\A\write_ahead_log\primary_storage_log_20.dat
[02/23/2022 05:50:51 PM][ INFO    ] Dropping write-ahead-log file C:\TDW\repos\N4K-NickelForAKiss\src\BTTN4KNFEv2\bin\Debug\netcoreapp3.1\storage\B\write_ahead_log\primary_storage_log_19.dat
[02/23/2022 05:50:51 PM][ INFO    ] Saving cell type signatures.
[02/23/2022 05:50:51 PM][ INFO    ] Listening endpoint :5304
[02/23/2022 05:50:51 PM][ INFO    ] Waiting for client connection ...
[02/23/2022 05:50:51 PM][ INFO    ] My IPEndPoint: 172.19.80.1:5304
[02/23/2022 05:50:51 PM][ ERROR   ] Failed to start HTTP server. HTTP endpoints are disabled.
[02/23/2022 05:50:51 PM][ INFO    ] *****************************************************
[02/23/2022 05:50:51 PM][ INFO    ] ServerCount: 0
[02/23/2022 05:50:51 PM][ INFO    ] ProxyCount: 0
[02/23/2022 05:50:51 PM][ INFO    ] *****************************************************
[02/23/2022 05:50:51 PM][ WARNING ] No distributed instances configured. Turning on local test mode.
[02/23/2022 05:50:51 PM][ INFO    ] Scanning for auto-registered communication modules.
[02/23/2022 05:50:51 PM][ INFO    ] Checking Server-Server protocol signatures...
[02/23/2022 05:50:51 PM][ INFO    ] Working Directory: C:\TDW\repos\N4K-NickelForAKiss\src\BTTN4KNFEv2\bin\Debug\netcoreapp3.1\
[02/23/2022 05:50:51 PM][ INFO    ] StorageRoot : C:\TDW\repos\N4K-NickelForAKiss\src\BTTN4KNFEv2\bin\Debug\netcoreapp3.1\storage\
[02/23/2022 05:50:51 PM][ INFO    ] LogDirectory: C:\TDW\repos\N4K-NickelForAKiss\src\BTTN4KNFEv2\bin\Debug\netcoreapp3.1\trinity-log
[02/23/2022 05:50:51 PM][ INFO    ] LoggingLevel: Info
[02/23/2022 05:50:51 PM][ INFO    ] HttpPort:     80
[02/23/2022 05:50:51 PM][ INFO    ] Server 0 is successfully started.
